0 info it worked if it ends with ok
1 verbose cli [
1 verbose cli   '/usr/local/bin/node',
1 verbose cli   '/Users/mac/node_modules/.bin/npm',
1 verbose cli   'run',
1 verbose cli   'build'
1 verbose cli ]
2 info using npm@2.15.12
3 info using node@v18.13.0
4 verbose run-script [ 'prebuild', 'build', 'postbuild' ]
5 info prebuild acepick@1.0.0
6 info build acepick@1.0.0
7 verbose unsafe-perm in lifecycle true
8 info acepick@1.0.0 Failed to exec build script
9 verbose stack Error: acepick@1.0.0 build: `tsc --project ./`
9 verbose stack spawn ENOENT
9 verbose stack     at ChildProcess.<anonymous> (/Users/mac/node_modules/npm/lib/utils/spawn.js:17:16)
9 verbose stack     at ChildProcess.emit (node:events:513:28)
9 verbose stack     at maybeClose (node:internal/child_process:1091:16)
9 verbose stack     at ChildProcess._handle.onexit (node:internal/child_process:302:5)
10 verbose pkgid acepick@1.0.0
11 verbose cwd /Users/mac/Downloads/NodejsProject/acepick
12 error Darwin 21.6.0
13 error argv "/usr/local/bin/node" "/Users/mac/node_modules/.bin/npm" "run" "build"
14 error node v18.13.0
15 error npm  v2.15.12
16 error file sh
17 error code ELIFECYCLE
18 error errno ENOENT
19 error syscall spawn
20 error acepick@1.0.0 build: `tsc --project ./`
20 error spawn ENOENT
21 error Failed at the acepick@1.0.0 build script 'tsc --project ./'.
21 error This is most likely a problem with the acepick package,
21 error not with npm itself.
21 error Tell the author that this fails on your system:
21 error     tsc --project ./
21 error You can get information on how to open an issue for this project with:
21 error     npm bugs acepick
21 error Or if that isn't available, you can get their info via:
21 error
21 error     npm owner ls acepick
21 error There is likely additional logging output above.
22 verbose exit [ 1, true ]
